#
# A fatal error has been detected by the Java Runtime Environment:
#
#  EXCEPTION_ACCESS_VIOLATION (0xc0000005) at pc=0x00007fff38020bae, pid=3116, tid=3360
#
# JRE version:  (18.0.2.1+1) (build )
# Java VM: Java HotSpot(TM) 64-Bit Server VM (18.0.2.1+1-1, mixed mode, sharing, tiered, compressed oops, compressed class ptrs, g1 gc, windows-amd64)
# Problematic frame:
# V  [jvm.dll+0x2e0bae]
#
# No core dump will be written. Minidumps are not enabled by default on client versions of Windows
#
#

---------------  S U M M A R Y ------------

Command Line: 

Host: 11th Gen Intel(R) Core(TM) i3-1115G4 @ 3.00GHz, 4 cores, 7G,  Windows 10 , 64 bit Build 19041 (10.0.19041.4717)
Time: Sat Sep 21 10:12:50 2024 SE Asia Standard Time elapsed time: 0.023268 seconds (0d 0h 0m 0s)

---------------  T H R E A D  ---------------

Current thread (0x000001623fe76050):  JavaThread "Unknown thread" [_thread_in_vm, id=3360, stack(0x0000004114200000,0x0000004114300000)]

Stack: [0x0000004114200000,0x0000004114300000],  sp=0x00000041142fefa0,  free space=1019k
Native frames: (J=compiled Java code, j=interpreted, Vv=VM code, C=native code)
V  [jvm.dll+0x2e0bae]
V  [jvm.dll+0x2e1021]
V  [jvm.dll+0x646136]
V  [jvm.dll+0x646360]
V  [jvm.dll+0x64581b]
V  [jvm.dll+0x640c86]
V  [jvm.dll+0x7c3344]
V  [jvm.dll+0x38be61]
V  [jvm.dll+0x7a2023]
V  [jvm.dll+0x40dc3f]
V  [jvm.dll+0x40f611]
C  [jli.dll+0x526b]
C  [ucrtbase.dll+0x21bb2]
C  [KERNEL32.DLL+0x17374]
C  [ntdll.dll+0x4cc91]


siginfo: EXCEPTION_ACCESS_VIOLATION (0xc0000005), reading address 0x0000000000000000


Registers:
RAX=0x000025cab3f8e664, RBX=0x0000000000000000, RCX=0x0000000000000000, RDX=0x00007fff3865b401
RSP=0x00000041142fefa0, RBP=0x0000000000000001, RSI=0x0000000800a7f240, RDI=0x0000000000000000
R8 =0x0000000000000001, R9 =0x0000000000000001, R10=0x000001623ff2f7e0, R11=0x0000000000000246
R12=0x0000000000000000, R13=0x0000000000000000, R14=0x0000000000000001, R15=0x00007fff38398510
RIP=0x00007fff38020bae, EFLAGS=0x0000000000010246

Top of Stack: (sp=0x00000041142fefa0)
0x00000041142fefa0:   000000000000000e 0000000000000000
0x00000041142fefb0:   0000000000760000 00007fff38531f00
0x00000041142fefc0:   00000041142ff000 000000000000000d
0x00000041142fefd0:   00000041142ff0f0 0000000000000000
0x00000041142fefe0:   000025cab3f8e6e4 0000000000000002
0x00000041142feff0:   000025cab3f8e664 0000000800000000
0x00000041142ff000:   0000000000000000 00007fff38021021
0x00000041142ff010:   0000000000000048 0000000000000000
0x00000041142ff020:   0000000000000000 000001623ff22610
0x00000041142ff030:   0000000800a7f238 0000004100000001
0x00000041142ff040:   0000000000000000 0000000000000000
0x00000041142ff050:   0000000000000000 0000000000000000
0x00000041142ff060:   0000000000000000 ffffffffffffff00
0x00000041142ff070:   000001623ff2f400 000001623ff2f400
0x00000041142ff080:   000025cab3f8f9d4 0000000000000000
0x00000041142ff090:   0000000000000000 0000000000000000 

Instructions: (pc=0x00007fff38020bae)
0x00007fff38020aae:   00 48 83 c2 0f 48 c1 ea 03 48 63 d2 e8 d1 f3 35
0x00007fff38020abe:   00 48 8b d8 48 85 c0 74 0b 89 38 eb 09 41 c6 04
0x00007fff38020ace:   24 02 eb 22 33 db 49 83 7f 08 00 75 19 4c 63 84
0x00007fff38020ade:   24 80 00 00 00 48 8d 4b 04 48 8b d5 e8 a1 f4 56
0x00007fff38020aee:   00 49 89 5c 24 20 48 8b 9c 24 88 00 00 00 49 83
0x00007fff38020afe:   3e 00 74 15 48 8b 54 24 28 48 8b ce e8 51 86 dd
0x00007fff38020b0e:   ff 49 8b ce e8 29 86 dd ff 48 89 5e 20 48 8b 5c
0x00007fff38020b1e:   24 70 4c 89 76 10 4c 89 6e 18 48 83 c4 30 41 5f
0x00007fff38020b2e:   41 5e 41 5d 41 5c 5f 5e 5d c3 cc cc cc cc cc cc
0x00007fff38020b3e:   cc cc 40 53 48 83 ec 20 48 8b d9 e8 72 40 36 00
0x00007fff38020b4e:   48 8b 53 28 48 ff ca 48 03 d0 48 ff c8 48 f7 d0
0x00007fff38020b5e:   48 23 c2 48 83 c4 20 5b c3 cc cc cc cc cc cc cc
0x00007fff38020b6e:   cc cc 48 89 5c 24 10 48 89 6c 24 18 48 89 74 24
0x00007fff38020b7e:   20 57 48 83 ec 60 48 8b 05 1d 85 81 00 48 33 c4
0x00007fff38020b8e:   48 89 44 24 50 80 3d 05 1c 7e 00 00 0f b6 ea 48
0x00007fff38020b9e:   8b f1 74 17 80 39 00 75 12 48 8b 0d f2 77 84 00
0x00007fff38020bae:   48 8b 01 ff 50 20 48 8b d8 eb 08 48 8b 59 18 48
0x00007fff38020bbe:   83 c3 04 48 83 3d 07 79 84 00 00 40 b7 01 74 0f
0x00007fff38020bce:   48 8b d3 48 8d 0d c0 a4 63 00 e8 d3 73 f2 ff 48
0x00007fff38020bde:   8d 54 24 20 48 8b cb e8 d6 73 3b 00 85 c0 74 19
0x00007fff38020bee:   40 84 ed 74 14 48 8b d3 48 8d 0d c3 a4 63 00 e8
0x00007fff38020bfe:   1e d2 ff ff 40 32 ff eb 7a 80 3e 03 75 20 48 8b
0x00007fff38020c0e:   cb e8 1c 19 3b 00 84 c0 75 69 48 8b d3 48 8d 0d
0x00007fff38020c1e:   ce a4 63 00 e8 f9 d1 ff ff 40 32 ff eb 55 48 8b
0x00007fff38020c2e:   56 08 4c 8b 44 24 40 48 85 d2 74 05 49 3b d0 75
0x00007fff38020c3e:   0b 48 63 44 24 34 48 39 46 10 74 37 40 32 ff 40
0x00007fff38020c4e:   38 3d 27 30 85 00 74 1c 49 3b d0 48 8d 05 b0 a4
0x00007fff38020c5e:   63 00 48 8d 0d c1 a4 63 00 48 0f 45 c8 e8 b0 d1
0x00007fff38020c6e:   ff ff eb 0f 48 8b d3 48 8d 0d c4 a4 63 00 e8 9f
0x00007fff38020c7e:   d1 ff ff 80 3d f3 2f 85 00 00 74 10 40 84 ff 75
0x00007fff38020c8e:   0b c6 05 7b 97 86 00 01 b0 01 eb 04 40 0f b6 c7
0x00007fff38020c9e:   48 8b 4c 24 50 48 33 cc e8 c5 e1 56 00 4c 8d 5c 



---------------  P R O C E S S  ---------------

Threads class SMR info:
_java_thread_list=0x00007fff3881e550, length=0, elements={
}

Java Threads: ( => current thread )

Other Threads:
  0x000001623fed4cb0 WorkerThread "GC Thread#0" [stack: 0x0000004114300000,0x0000004114400000] [id=12108]
  0x000001623fee90a0 ConcurrentGCThread "G1 Main Marker" [stack: 0x0000004114400000,0x0000004114500000] [id=13236]
  0x000001623fee98a0 WorkerThread "G1 Conc#0" [stack: 0x0000004114500000,0x0000004114600000] [id=10704]
  0x000001623ff232d0 ConcurrentGCThread "G1 Refine#0" [stack: 0x0000004114600000,0x0000004114700000] [id=2656]
  0x000001623ff23af0 ConcurrentGCThread "G1 Service" [stack: 0x0000004114700000,0x0000004114800000] [id=8544]

=>0x000001623fe76050 (exited) JavaThread "Unknown thread" [_thread_in_vm, id=3360, stack(0x0000004114200000,0x0000004114300000)]

Threads with active compile tasks:

VM state: not at safepoint (not fully initialized)

VM Mutex/Monitor currently owned by a thread: None

Heap address: 0x0000000084c00000, size: 1972 MB, Compressed Oops mode: 32-bit

CDS archive(s) mapped at: [0x0000000000000000-0x0000000000000000-0x0000000000000000), size 0, SharedBaseAddress: 0x0000000800000000, ArchiveRelocationMode: 0.
Narrow klass base: 0x0000000000000000, Narrow klass shift: 0, Narrow klass range: 0x0

GC Precious Log:
 CardTable entry size: 512
 Card Set container configuration: InlinePtr #cards 5 size 8 Array Of Cards #cards 12 size 40 Howl #buckets 4 coarsen threshold 1843 Howl Bitmap #cards 512 size 80 coarsen threshold 460 Card regions per heap region 1 cards per card region 2048
 CPUs: 4 total, 4 available
 Memory: 7886M
 Large Page Support: Disabled
 NUMA Support: Disabled
 Compressed Oops: Enabled (32-bit)
 Heap Region Size: 1M
 Heap Min Capacity: 8M
 Heap Initial Capacity: 124M
 Heap Max Capacity: 1972M
 Pre-touch: Disabled
 Parallel Workers: 4
 Concurrent Workers: 1
 Concurrent Refinement Workers: 4
 Periodic GC: Disabled

Heap:
 garbage-first heap   total 126976K, used 0K [0x0000000084c00000, 0x0000000100000000)
  region size 1024K, 0 young (0K), 0 survivors (0K)

[error occurred during error reporting (printing heap information), id 0xc0000005, EXCEPTION_ACCESS_VIOLATION (0xc0000005) at pc=0x00007fff38431839]

GC Heap History (0 events):
No events

Deoptimization events (0 events):
No events

Classes loaded (0 events):
No events

Classes unloaded (0 events):
No events

Classes redefined (0 events):
No events

Internal exceptions (0 events):
No events

VM Operations (0 events):
No events

Events (2 events):
Event: 0.007 Loaded shared library C:\Program Files\Java\jdk-18.0.2.1\bin\java.dll
Event: 0.008 Loaded shared library C:\Program Files\Java\jdk-18.0.2.1\bin\zip.dll


Dynamic libraries:
0x00007ff731240000 - 0x00007ff731250000 	C:\Program Files\Java\jdk-18.0.2.1\bin\java.exe
0x00007fffc3d30000 - 0x00007fffc3f28000 	C:\WINDOWS\SYSTEM32\ntdll.dll
0x00007fffc2c30000 - 0x00007fffc2cf1000 	C:\WINDOWS\System32\KERNEL32.DLL
0x00007fffc13e0000 - 0x00007fffc16dd000 	C:\WINDOWS\System32\KERNELBASE.dll
0x00007fffc16e0000 - 0x00007fffc17e0000 	C:\WINDOWS\System32\ucrtbase.dll
0x00007fff99f20000 - 0x00007fff99f38000 	C:\Program Files\Java\jdk-18.0.2.1\bin\jli.dll
0x00007fffc2db0000 - 0x00007fffc2e60000 	C:\WINDOWS\System32\ADVAPI32.dll
0x00007fffc3140000 - 0x00007fffc31de000 	C:\WINDOWS\System32\msvcrt.dll
0x00007fffc1dd0000 - 0x00007fffc1e70000 	C:\WINDOWS\System32\sechost.dll
0x00007fffc3ab0000 - 0x00007fffc3bd3000 	C:\WINDOWS\System32\RPCRT4.dll
0x00007fffc1cc0000 - 0x00007fffc1ce7000 	C:\WINDOWS\System32\bcrypt.dll
0x00007fffc3910000 - 0x00007fffc3aad000 	C:\WINDOWS\System32\USER32.dll
0x00007fffc19a0000 - 0x00007fffc19c2000 	C:\WINDOWS\System32\win32u.dll
0x00007fffc3760000 - 0x00007fffc378b000 	C:\WINDOWS\System32\GDI32.dll
0x00007fffc17e0000 - 0x00007fffc18f7000 	C:\WINDOWS\System32\gdi32full.dll
0x00007fffad830000 - 0x00007fffadaca000 	C:\WINDOWS\WinSxS\amd64_microsoft.windows.common-controls_6595b64144ccf1df_6.0.19041.4355_none_60b8b9eb71f62e16\COMCTL32.dll
0x00007fffc1900000 - 0x00007fffc199d000 	C:\WINDOWS\System32\msvcp_win.dll
0x00007fffb8370000 - 0x00007fffb837a000 	C:\WINDOWS\SYSTEM32\VERSION.dll
0x00007fff99ea0000 - 0x00007fff99eba000 	C:\Program Files\Java\jdk-18.0.2.1\bin\VCRUNTIME140.dll
0x00007fffc1e70000 - 0x00007fffc1e9f000 	C:\WINDOWS\System32\IMM32.DLL
0x00007fffb0fb0000 - 0x00007fffb0fbc000 	C:\Program Files\Java\jdk-18.0.2.1\bin\vcruntime140_1.dll
0x00007fff99a80000 - 0x00007fff99b0d000 	C:\Program Files\Java\jdk-18.0.2.1\bin\msvcp140.dll
0x00007fff37d40000 - 0x00007fff38951000 	C:\Program Files\Java\jdk-18.0.2.1\bin\server\jvm.dll
0x00007fffc1dc0000 - 0x00007fffc1dc8000 	C:\WINDOWS\System32\PSAPI.DLL
0x00007fffac820000 - 0x00007fffac829000 	C:\WINDOWS\SYSTEM32\WSOCK32.dll
0x00007fffc3010000 - 0x00007fffc307b000 	C:\WINDOWS\System32\WS2_32.dll
0x00007fffa9b10000 - 0x00007fffa9b37000 	C:\WINDOWS\SYSTEM32\WINMM.dll
0x00007fffbfbf0000 - 0x00007fffbfc02000 	C:\WINDOWS\SYSTEM32\kernel.appcore.dll
0x00007fffa8360000 - 0x00007fffa836a000 	C:\Program Files\Java\jdk-18.0.2.1\bin\jimage.dll
0x00007fffbf920000 - 0x00007fffbfb04000 	C:\WINDOWS\SYSTEM32\DBGHELP.DLL
0x00007fffb5300000 - 0x00007fffb5334000 	C:\WINDOWS\SYSTEM32\dbgcore.DLL
0x00007fffc1c30000 - 0x00007fffc1cb2000 	C:\WINDOWS\System32\bcryptPrimitives.dll
0x00007fff99e70000 - 0x00007fff99e95000 	C:\Program Files\Java\jdk-18.0.2.1\bin\java.dll
0x00007fff99a60000 - 0x00007fff99a78000 	C:\Program Files\Java\jdk-18.0.2.1\bin\zip.dll

dbghelp: loaded successfully - version: 4.0.5 - missing functions: none
symbol engine: initialized successfully - sym options: 0x614 - pdb path: .;C:\Program Files\Java\jdk-18.0.2.1\bin;C:\WINDOWS\SYSTEM32;C:\WINDOWS\WinSxS\amd64_microsoft.windows.common-controls_6595b64144ccf1df_6.0.19041.4355_none_60b8b9eb71f62e16;C:\Program Files\Java\jdk-18.0.2.1\bin\server

VM Arguments:
java_command: <unknown>
java_class_path (initial): <not set>
Launcher Type: SUN_STANDARD

[Global flags]
     intx CICompilerCount                          = 3                                         {product} {ergonomic}
     uint ConcGCThreads                            = 1                                         {product} {ergonomic}
     uint G1ConcRefinementThreads                  = 4                                         {product} {ergonomic}
   size_t G1HeapRegionSize                         = 1048576                                   {product} {ergonomic}
    uintx GCDrainStackTargetSize                   = 64                                        {product} {ergonomic}
   size_t InitialHeapSize                          = 130023424                                 {product} {ergonomic}
   size_t MarkStackSize                            = 4194304                                   {product} {ergonomic}
   size_t MaxHeapSize                              = 2067791872                                {product} {ergonomic}
   size_t MaxNewSize                               = 1240465408                                {product} {ergonomic}
   size_t MinHeapDeltaBytes                        = 1048576                                   {product} {ergonomic}
   size_t MinHeapSize                              = 8388608                                   {product} {ergonomic}
    uintx NonNMethodCodeHeapSize                   = 5832780                                {pd product} {ergonomic}
    uintx NonProfiledCodeHeapSize                  = 122912730                              {pd product} {ergonomic}
    uintx ProfiledCodeHeapSize                     = 122912730                              {pd product} {ergonomic}
    uintx ReservedCodeCacheSize                    = 251658240                              {pd product} {ergonomic}
     bool SegmentedCodeCache                       = true                                      {product} {ergonomic}
   size_t SoftMaxHeapSize                          = 2067791872                             {manageable} {ergonomic}
     bool UseCompressedClassPointers               = true                           {product lp64_product} {ergonomic}
     bool UseCompressedOops                        = true                           {product lp64_product} {ergonomic}
     bool UseG1GC                                  = true                                      {product} {ergonomic}
     bool UseLargePagesIndividualAllocation        = false                                  {pd product} {ergonomic}

Logging:
Log output configuration:
 #0: stdout all=warning uptime,level,tags foldmultilines=false
 #1: stderr all=off uptime,level,tags foldmultilines=false

Environment Variables:
JAVA_HOME=C:\Program Files\Java\jdk-18.0.2.1
PATH=C:\Program Files\Common Files\Oracle\Java\javapath;C:\WINDOWS\system32;C:\WINDOWS;C:\WINDOWS\System32\Wbem;C:\WINDOWS\System32\WindowsPowerShell\v1.0\;C:\WINDOWS\System32\OpenSSH\;C:\xampp\php;D:\Xampp\php;D:\JavaOOP;D:\smt 4\pak pras\flutter_windows_3.7.0-stable\flutter\bin;D:\sdk\android;C:\Program Files\Java\jdk-18.0.2.1\bin;C:\Program Files\Java\jdk-18.0.2.1\lib\tools.jar;C:\ProgramData\ComposerSetup\bin;D:\Git\cmd;C:\Program Files\nodejs;C:\Program Files\nodejs\;C:\Users\ASUS.LAPTOP-DQPBH9Q3\AppData\Local\Programs\Python\Python312\Scripts\;C:\Users\ASUS.LAPTOP-DQPBH9Q3\AppData\Local\Programs\Python\Python312\;C:\Users\ASUS.LAPTOP-DQPBH9Q3\AppData\Local\Microsoft\WindowsApps;C:\src\flutter\bin;C:\Users\ASUS.LAPTOP-DQPBH9Q3\AppData\Roaming\Composer\vendor\bin;C:\Users\ASUS.LAPTOP-DQPBH9Q3\AppData\Local\Programs\Microsoft VS Code2\bin;C:\Users\ASUS.LAPTOP-DQPBH9Q3\AppData\Roaming\npm
USERNAME=ASUS
OS=Windows_NT
PROCESSOR_IDENTIFIER=Intel64 Family 6 Model 140 Stepping 1, GenuineIntel



---------------  S Y S T E M  ---------------

OS:
 Windows 10 , 64 bit Build 19041 (10.0.19041.4717)
OS uptime: 0 days 1:07 hours

CPU: total 4 (initial active 4) (2 cores per cpu, 2 threads per core) family 6 model 140 stepping 1 microcode 0x86, cx8, cmov, fxsr, ht, mmx, 3dnowpref, sse, sse2, sse3, ssse3, sse4.1, sse4.2, popcnt, lzcnt, tsc, tscinvbit, avx, avx2, aes, erms, clmul, bmi1, bmi2, adx, avx512f, avx512dq, avx512cd, avx512bw, avx512vl, sha, fma, vzeroupper, avx512_vpopcntdq, avx512_vpclmulqdq, avx512_vaes, avx512_vnni, clflush, clflushopt, clwb, avx512_vbmi2, avx512_vbmi

Memory: 4k page, system-wide physical 7886M (1034M free)
TotalPageFile size 14030M (AvailPageFile size 4370M)
current process WorkingSet (physical memory assigned to process): 11M, peak: 11M
current process commit charge ("private bytes"): 192M, peak: 192M

vm_info: Java HotSpot(TM) 64-Bit Server VM (18.0.2.1+1-1) for windows-amd64 JRE (18.0.2.1+1-1), built on Aug 16 2022 01:46:33 by "mach5one" with MS VC++ 16.8 / 16.9 (VS2019)

END.
