#
# A fatal error has been detected by the Java Runtime Environment:
#
#  EXCEPTION_ACCESS_VIOLATION (0xc0000005) at pc=0x00007fff6db40bae, pid=9748, tid=5888
#
# JRE version:  (18.0.2.1+1) (build )
# Java VM: Java HotSpot(TM) 64-Bit Server VM (18.0.2.1+1-1, mixed mode, sharing, tiered, compressed oops, compressed class ptrs, g1 gc, windows-amd64)
# Problematic frame:
# V  [jvm.dll+0x2e0bae]
#
# No core dump will be written. Minidumps are not enabled by default on client versions of Windows
#
#

---------------  S U M M A R Y ------------

Command Line: 

Host: 11th Gen Intel(R) Core(TM) i3-1115G4 @ 3.00GHz, 4 cores, 7G,  Windows 10 , 64 bit Build 19041 (10.0.19041.4717)
Time: Thu Sep 19 09:19:49 2024 SE Asia Standard Time elapsed time: 0.062057 seconds (0d 0h 0m 0s)

---------------  T H R E A D  ---------------

Current thread (0x000001f9b5c959e0):  JavaThread "Unknown thread" [_thread_in_vm, id=5888, stack(0x00000029e4900000,0x00000029e4a00000)]

Stack: [0x00000029e4900000,0x00000029e4a00000],  sp=0x00000029e49fecc0,  free space=1019k
Native frames: (J=compiled Java code, j=interpreted, Vv=VM code, C=native code)
V  [jvm.dll+0x2e0bae]
V  [jvm.dll+0x2e1021]
V  [jvm.dll+0x646136]
V  [jvm.dll+0x646360]
V  [jvm.dll+0x64581b]
V  [jvm.dll+0x640c86]
V  [jvm.dll+0x7c3344]
V  [jvm.dll+0x38be61]
V  [jvm.dll+0x7a2023]
V  [jvm.dll+0x40dc3f]
V  [jvm.dll+0x40f611]
C  [jli.dll+0x526b]
C  [ucrtbase.dll+0x21bb2]
C  [KERNEL32.DLL+0x17374]
C  [ntdll.dll+0x4cc91]


siginfo: EXCEPTION_ACCESS_VIOLATION (0xc0000005), reading address 0x0000000000000000


Registers:
RAX=0x000042c8e70b79d5, RBX=0x0000000000000000, RCX=0x0000000000000000, RDX=0x00007fff6e17b401
RSP=0x00000029e49fecc0, RBP=0x0000000000000001, RSI=0x0000000800a7f240, RDI=0x0000000000000000
R8 =0x0000000000000001, R9 =0x0000000000000001, R10=0x000001f9b5d4eab0, R11=0x0000000000000246
R12=0x0000000000000000, R13=0x0000000000000000, R14=0x0000000000000001, R15=0x00007fff6deb8510
RIP=0x00007fff6db40bae, EFLAGS=0x0000000000010246

Top of Stack: (sp=0x00000029e49fecc0)
0x00000029e49fecc0:   000000000000000e 0000000000000000
0x00000029e49fecd0:   0000000000760000 00007fff6e051f00
0x00000029e49fece0:   00000029e49fed00 000000000000000d
0x00000029e49fecf0:   00000029e49fee10 0000000000000000
0x00000029e49fed00:   000042c8e70b7955 0000000000000002
0x00000029e49fed10:   000042c8e70b79d5 0000000800000000
0x00000029e49fed20:   0000000000000000 00007fff6db41021
0x00000029e49fed30:   0000000000000048 0000000000000000
0x00000029e49fed40:   0000000000000000 000001f9b5d41390
0x00000029e49fed50:   0000000800a7f238 0000002900000001
0x00000029e49fed60:   0000000000000000 0000000000000000
0x00000029e49fed70:   0000000000000000 0000000000000000
0x00000029e49fed80:   0000000000000000 ffffffffffffff00
0x00000029e49fed90:   000001f9b5d4e600 000001f9b5d4e600
0x00000029e49feda0:   000042c8e70b7825 0000000000000000
0x00000029e49fedb0:   0000000000000000 0000000000000000 

Instructions: (pc=0x00007fff6db40bae)
0x00007fff6db40aae:   00 48 83 c2 0f 48 c1 ea 03 48 63 d2 e8 d1 f3 35
0x00007fff6db40abe:   00 48 8b d8 48 85 c0 74 0b 89 38 eb 09 41 c6 04
0x00007fff6db40ace:   24 02 eb 22 33 db 49 83 7f 08 00 75 19 4c 63 84
0x00007fff6db40ade:   24 80 00 00 00 48 8d 4b 04 48 8b d5 e8 a1 f4 56
0x00007fff6db40aee:   00 49 89 5c 24 20 48 8b 9c 24 88 00 00 00 49 83
0x00007fff6db40afe:   3e 00 74 15 48 8b 54 24 28 48 8b ce e8 51 86 dd
0x00007fff6db40b0e:   ff 49 8b ce e8 29 86 dd ff 48 89 5e 20 48 8b 5c
0x00007fff6db40b1e:   24 70 4c 89 76 10 4c 89 6e 18 48 83 c4 30 41 5f
0x00007fff6db40b2e:   41 5e 41 5d 41 5c 5f 5e 5d c3 cc cc cc cc cc cc
0x00007fff6db40b3e:   cc cc 40 53 48 83 ec 20 48 8b d9 e8 72 40 36 00
0x00007fff6db40b4e:   48 8b 53 28 48 ff ca 48 03 d0 48 ff c8 48 f7 d0
0x00007fff6db40b5e:   48 23 c2 48 83 c4 20 5b c3 cc cc cc cc cc cc cc
0x00007fff6db40b6e:   cc cc 48 89 5c 24 10 48 89 6c 24 18 48 89 74 24
0x00007fff6db40b7e:   20 57 48 83 ec 60 48 8b 05 1d 85 81 00 48 33 c4
0x00007fff6db40b8e:   48 89 44 24 50 80 3d 05 1c 7e 00 00 0f b6 ea 48
0x00007fff6db40b9e:   8b f1 74 17 80 39 00 75 12 48 8b 0d f2 77 84 00
0x00007fff6db40bae:   48 8b 01 ff 50 20 48 8b d8 eb 08 48 8b 59 18 48
0x00007fff6db40bbe:   83 c3 04 48 83 3d 07 79 84 00 00 40 b7 01 74 0f
0x00007fff6db40bce:   48 8b d3 48 8d 0d c0 a4 63 00 e8 d3 73 f2 ff 48
0x00007fff6db40bde:   8d 54 24 20 48 8b cb e8 d6 73 3b 00 85 c0 74 19
0x00007fff6db40bee:   40 84 ed 74 14 48 8b d3 48 8d 0d c3 a4 63 00 e8
0x00007fff6db40bfe:   1e d2 ff ff 40 32 ff eb 7a 80 3e 03 75 20 48 8b
0x00007fff6db40c0e:   cb e8 1c 19 3b 00 84 c0 75 69 48 8b d3 48 8d 0d
0x00007fff6db40c1e:   ce a4 63 00 e8 f9 d1 ff ff 40 32 ff eb 55 48 8b
0x00007fff6db40c2e:   56 08 4c 8b 44 24 40 48 85 d2 74 05 49 3b d0 75
0x00007fff6db40c3e:   0b 48 63 44 24 34 48 39 46 10 74 37 40 32 ff 40
0x00007fff6db40c4e:   38 3d 27 30 85 00 74 1c 49 3b d0 48 8d 05 b0 a4
0x00007fff6db40c5e:   63 00 48 8d 0d c1 a4 63 00 48 0f 45 c8 e8 b0 d1
0x00007fff6db40c6e:   ff ff eb 0f 48 8b d3 48 8d 0d c4 a4 63 00 e8 9f
0x00007fff6db40c7e:   d1 ff ff 80 3d f3 2f 85 00 00 74 10 40 84 ff 75
0x00007fff6db40c8e:   0b c6 05 7b 97 86 00 01 b0 01 eb 04 40 0f b6 c7
0x00007fff6db40c9e:   48 8b 4c 24 50 48 33 cc e8 c5 e1 56 00 4c 8d 5c 



---------------  P R O C E S S  ---------------

Threads class SMR info:
_java_thread_list=0x00007fff6e33e550, length=0, elements={
}

Java Threads: ( => current thread )

Other Threads:
  0x000001f9b5cf48d0 WorkerThread "GC Thread#0" [stack: 0x00000029e4a00000,0x00000029e4b00000] [id=4320]
  0x000001f9b5d05e90 ConcurrentGCThread "G1 Main Marker" [stack: 0x00000029e4b00000,0x00000029e4c00000] [id=11908]
  0x000001f9b5d06880 WorkerThread "G1 Conc#0" [stack: 0x00000029e4c00000,0x00000029e4d00000] [id=12116]
  0x000001f9b5d423b0 ConcurrentGCThread "G1 Refine#0" [stack: 0x00000029e4d00000,0x00000029e4e00000] [id=4684]
  0x000001f9b5d42cc0 ConcurrentGCThread "G1 Service" [stack: 0x00000029e4e00000,0x00000029e4f00000] [id=2452]

=>0x000001f9b5c959e0 (exited) JavaThread "Unknown thread" [_thread_in_vm, id=5888, stack(0x00000029e4900000,0x00000029e4a00000)]

Threads with active compile tasks:

VM state: not at safepoint (not fully initialized)

VM Mutex/Monitor currently owned by a thread: None

Heap address: 0x0000000084c00000, size: 1972 MB, Compressed Oops mode: 32-bit

CDS archive(s) mapped at: [0x0000000000000000-0x0000000000000000-0x0000000000000000), size 0, SharedBaseAddress: 0x0000000800000000, ArchiveRelocationMode: 0.
Narrow klass base: 0x0000000000000000, Narrow klass shift: 0, Narrow klass range: 0x0

GC Precious Log:
 CardTable entry size: 512
 Card Set container configuration: InlinePtr #cards 5 size 8 Array Of Cards #cards 12 size 40 Howl #buckets 4 coarsen threshold 1843 Howl Bitmap #cards 512 size 80 coarsen threshold 460 Card regions per heap region 1 cards per card region 2048
 CPUs: 4 total, 4 available
 Memory: 7886M
 Large Page Support: Disabled
 NUMA Support: Disabled
 Compressed Oops: Enabled (32-bit)
 Heap Region Size: 1M
 Heap Min Capacity: 8M
 Heap Initial Capacity: 124M
 Heap Max Capacity: 1972M
 Pre-touch: Disabled
 Parallel Workers: 4
 Concurrent Workers: 1
 Concurrent Refinement Workers: 4
 Periodic GC: Disabled

Heap:
 garbage-first heap   total 126976K, used 0K [0x0000000084c00000, 0x0000000100000000)
  region size 1024K, 0 young (0K), 0 survivors (0K)

[error occurred during error reporting (printing heap information), id 0xc0000005, EXCEPTION_ACCESS_VIOLATION (0xc0000005) at pc=0x00007fff6df51839]

GC Heap History (0 events):
No events

Deoptimization events (0 events):
No events

Classes loaded (0 events):
No events

Classes unloaded (0 events):
No events

Classes redefined (0 events):
No events

Internal exceptions (0 events):
No events

VM Operations (0 events):
No events

Events (2 events):
Event: 0.024 Loaded shared library C:\Program Files\Java\jdk-18.0.2.1\bin\java.dll
Event: 0.026 Loaded shared library C:\Program Files\Java\jdk-18.0.2.1\bin\zip.dll


Dynamic libraries:
0x00007ff76beb0000 - 0x00007ff76bec0000 	C:\Program Files\Java\jdk-18.0.2.1\bin\java.exe
0x00007fffc1a70000 - 0x00007fffc1c68000 	C:\WINDOWS\SYSTEM32\ntdll.dll
0x00007fffc0810000 - 0x00007fffc08d1000 	C:\WINDOWS\System32\KERNEL32.DLL
0x00007fffbf480000 - 0x00007fffbf77d000 	C:\WINDOWS\System32\KERNELBASE.dll
0x00007fffbf970000 - 0x00007fffbfa70000 	C:\WINDOWS\System32\ucrtbase.dll
0x00007fffaea10000 - 0x00007fffaea28000 	C:\Program Files\Java\jdk-18.0.2.1\bin\jli.dll
0x00007fffc17a0000 - 0x00007fffc1850000 	C:\WINDOWS\System32\ADVAPI32.dll
0x00007fffc0500000 - 0x00007fffc059e000 	C:\WINDOWS\System32\msvcrt.dll
0x00007fffc0340000 - 0x00007fffc03e0000 	C:\WINDOWS\System32\sechost.dll
0x00007fffc05a0000 - 0x00007fffc06c3000 	C:\WINDOWS\System32\RPCRT4.dll
0x00007fffbf780000 - 0x00007fffbf7a7000 	C:\WINDOWS\System32\bcrypt.dll
0x00007fffc10c0000 - 0x00007fffc125d000 	C:\WINDOWS\System32\USER32.dll
0x00007fffbfa70000 - 0x00007fffbfa92000 	C:\WINDOWS\System32\win32u.dll
0x00007fffbff10000 - 0x00007fffbff3b000 	C:\WINDOWS\System32\GDI32.dll
0x00007fffbf170000 - 0x00007fffbf287000 	C:\WINDOWS\System32\gdi32full.dll
0x00007fffbf8d0000 - 0x00007fffbf96d000 	C:\WINDOWS\System32\msvcp_win.dll
0x00007fff9cd20000 - 0x00007fff9cd3a000 	C:\Program Files\Java\jdk-18.0.2.1\bin\VCRUNTIME140.dll
0x00007fffab4c0000 - 0x00007fffab75a000 	C:\WINDOWS\WinSxS\amd64_microsoft.windows.common-controls_6595b64144ccf1df_6.0.19041.4355_none_60b8b9eb71f62e16\COMCTL32.dll
0x00007fffb56c0000 - 0x00007fffb56ca000 	C:\WINDOWS\SYSTEM32\VERSION.dll
0x00007fffc16b0000 - 0x00007fffc16df000 	C:\WINDOWS\System32\IMM32.DLL
0x00007fffb6b10000 - 0x00007fffb6b1c000 	C:\Program Files\Java\jdk-18.0.2.1\bin\vcruntime140_1.dll
0x00007fff978c0000 - 0x00007fff9794d000 	C:\Program Files\Java\jdk-18.0.2.1\bin\msvcp140.dll
0x00007fff6d860000 - 0x00007fff6e471000 	C:\Program Files\Java\jdk-18.0.2.1\bin\server\jvm.dll
0x00007fffc16e0000 - 0x00007fffc16e8000 	C:\WINDOWS\System32\PSAPI.DLL
0x00007fffb30a0000 - 0x00007fffb30a9000 	C:\WINDOWS\SYSTEM32\WSOCK32.dll
0x00007fffc1960000 - 0x00007fffc19cb000 	C:\WINDOWS\System32\WS2_32.dll
0x00007fffa7850000 - 0x00007fffa7877000 	C:\WINDOWS\SYSTEM32\WINMM.dll
0x00007fffbd930000 - 0x00007fffbd942000 	C:\WINDOWS\SYSTEM32\kernel.appcore.dll
0x00007fffaea00000 - 0x00007fffaea0a000 	C:\Program Files\Java\jdk-18.0.2.1\bin\jimage.dll
0x00007fffbd660000 - 0x00007fffbd844000 	C:\WINDOWS\SYSTEM32\DBGHELP.DLL
0x00007fffb3040000 - 0x00007fffb3074000 	C:\WINDOWS\SYSTEM32\dbgcore.DLL
0x00007fffbf290000 - 0x00007fffbf312000 	C:\WINDOWS\System32\bcryptPrimitives.dll
0x00007fff974b0000 - 0x00007fff974d5000 	C:\Program Files\Java\jdk-18.0.2.1\bin\java.dll
0x00007fff97490000 - 0x00007fff974a8000 	C:\Program Files\Java\jdk-18.0.2.1\bin\zip.dll

dbghelp: loaded successfully - version: 4.0.5 - missing functions: none
symbol engine: initialized successfully - sym options: 0x614 - pdb path: .;C:\Program Files\Java\jdk-18.0.2.1\bin;C:\WINDOWS\SYSTEM32;C:\WINDOWS\WinSxS\amd64_microsoft.windows.common-controls_6595b64144ccf1df_6.0.19041.4355_none_60b8b9eb71f62e16;C:\Program Files\Java\jdk-18.0.2.1\bin\server

VM Arguments:
java_command: <unknown>
java_class_path (initial): <not set>
Launcher Type: SUN_STANDARD

[Global flags]
     intx CICompilerCount                          = 3                                         {product} {ergonomic}
     uint ConcGCThreads                            = 1                                         {product} {ergonomic}
     uint G1ConcRefinementThreads                  = 4                                         {product} {ergonomic}
   size_t G1HeapRegionSize                         = 1048576                                   {product} {ergonomic}
    uintx GCDrainStackTargetSize                   = 64                                        {product} {ergonomic}
   size_t InitialHeapSize                          = 130023424                                 {product} {ergonomic}
   size_t MarkStackSize                            = 4194304                                   {product} {ergonomic}
   size_t MaxHeapSize                              = 2067791872                                {product} {ergonomic}
   size_t MaxNewSize                               = 1240465408                                {product} {ergonomic}
   size_t MinHeapDeltaBytes                        = 1048576                                   {product} {ergonomic}
   size_t MinHeapSize                              = 8388608                                   {product} {ergonomic}
    uintx NonNMethodCodeHeapSize                   = 5832780                                {pd product} {ergonomic}
    uintx NonProfiledCodeHeapSize                  = 122912730                              {pd product} {ergonomic}
    uintx ProfiledCodeHeapSize                     = 122912730                              {pd product} {ergonomic}
    uintx ReservedCodeCacheSize                    = 251658240                              {pd product} {ergonomic}
     bool SegmentedCodeCache                       = true                                      {product} {ergonomic}
   size_t SoftMaxHeapSize                          = 2067791872                             {manageable} {ergonomic}
     bool UseCompressedClassPointers               = true                           {product lp64_product} {ergonomic}
     bool UseCompressedOops                        = true                           {product lp64_product} {ergonomic}
     bool UseG1GC                                  = true                                      {product} {ergonomic}
     bool UseLargePagesIndividualAllocation        = false                                  {pd product} {ergonomic}

Logging:
Log output configuration:
 #0: stdout all=warning uptime,level,tags foldmultilines=false
 #1: stderr all=off uptime,level,tags foldmultilines=false

Environment Variables:
JAVA_HOME=C:\Program Files\Java\jdk-18.0.2.1
PATH=C:\Program Files\Common Files\Oracle\Java\javapath;C:\WINDOWS\system32;C:\WINDOWS;C:\WINDOWS\System32\Wbem;C:\WINDOWS\System32\WindowsPowerShell\v1.0\;C:\WINDOWS\System32\OpenSSH\;C:\xampp\php;D:\Xampp\php;D:\JavaOOP;D:\smt 4\pak pras\flutter_windows_3.7.0-stable\flutter\bin;D:\sdk\android;C:\Program Files\Java\jdk-18.0.2.1\bin;C:\Program Files\Java\jdk-18.0.2.1\lib\tools.jar;C:\ProgramData\ComposerSetup\bin;D:\Git\cmd;C:\Program Files\nodejs;C:\Program Files\nodejs\;C:\Users\ASUS.LAPTOP-DQPBH9Q3\AppData\Local\Programs\Python\Python312\Scripts\;C:\Users\ASUS.LAPTOP-DQPBH9Q3\AppData\Local\Programs\Python\Python312\;C:\Users\ASUS.LAPTOP-DQPBH9Q3\AppData\Local\Microsoft\WindowsApps;C:\src\flutter\bin;C:\Users\ASUS.LAPTOP-DQPBH9Q3\AppData\Roaming\Composer\vendor\bin;C:\Users\ASUS.LAPTOP-DQPBH9Q3\AppData\Local\Programs\Microsoft VS Code2\bin;C:\Users\ASUS.LAPTOP-DQPBH9Q3\AppData\Roaming\npm
USERNAME=ASUS
OS=Windows_NT
PROCESSOR_IDENTIFIER=Intel64 Family 6 Model 140 Stepping 1, GenuineIntel



---------------  S Y S T E M  ---------------

OS:
 Windows 10 , 64 bit Build 19041 (10.0.19041.4717)
OS uptime: 0 days 1:06 hours

CPU: total 4 (initial active 4) (2 cores per cpu, 2 threads per core) family 6 model 140 stepping 1 microcode 0x86, cx8, cmov, fxsr, ht, mmx, 3dnowpref, sse, sse2, sse3, ssse3, sse4.1, sse4.2, popcnt, lzcnt, tsc, tscinvbit, avx, avx2, aes, erms, clmul, bmi1, bmi2, adx, avx512f, avx512dq, avx512cd, avx512bw, avx512vl, sha, fma, vzeroupper, avx512_vpopcntdq, avx512_vpclmulqdq, avx512_vaes, avx512_vnni, clflush, clflushopt, clwb, avx512_vbmi2, avx512_vbmi

Memory: 4k page, system-wide physical 7886M (662M free)
TotalPageFile size 13774M (AvailPageFile size 3074M)
current process WorkingSet (physical memory assigned to process): 11M, peak: 11M
current process commit charge ("private bytes"): 192M, peak: 192M

vm_info: Java HotSpot(TM) 64-Bit Server VM (18.0.2.1+1-1) for windows-amd64 JRE (18.0.2.1+1-1), built on Aug 16 2022 01:46:33 by "mach5one" with MS VC++ 16.8 / 16.9 (VS2019)

END.
